<?xml version="1.0" encoding="UTF-8"?>
<testng-results ignored="6" total="11" passed="5" failed="0" skipped="0">
  <reporter-output>
    <line>
      <![CDATA[try to add item to cart]]>
    </line>
    <line>
      <![CDATA[product added to cart successfully]]>
    </line>
    <line>
      <![CDATA[user is created for login]]>
    </line>
    <line>
      <![CDATA[clicked toys link]]>
    </line>
    <line>
      <![CDATA[toy added to cart]]>
    </line>
    <line>
      <![CDATA[ordered item is trackable]]>
    </line>
    <line>
      <![CDATA[clicked furniture link]]>
    </line>
    <line>
      <![CDATA[product added to cart]]>
    </line>
    <line>
      <![CDATA[product removed to cart]]>
    </line>
    <line>
      <![CDATA[product added to wishlist]]>
    </line>
  </reporter-output>
  <suite started-at="2024-07-15T14:53:15 IST" name="Suite" finished-at="2024-07-15T14:53:48 IST" duration-ms="32517">
    <groups>
    </groups>
    <test started-at="2024-07-15T14:53:15 IST" name="Test" finished-at="2024-07-15T14:53:48 IST" duration-ms="32517">
      <class name="com.comcast.crm.contacttest.AddCartTest">
        <test-method is-config="true" signature="configBS()[pri:0, instance:com.comcast.crm.contacttest.AddCartTest@3c46e67a]" started-at="2024-07-15T14:53:15 IST" name="configBS" finished-at="2024-07-15T14:53:15 IST" duration-ms="37" status="PASS">
          <reporter-output>
          </reporter-output>
        </test-method> <!-- configBS -->
        <test-method is-config="true" signature="configBC()[pri:0, instance:com.comcast.crm.contacttest.AddCartTest@3c46e67a]" started-at="2024-07-15T14:53:15 IST" name="configBC" finished-at="2024-07-15T14:53:18 IST" duration-ms="2560" status="PASS">
          <reporter-output>
          </reporter-output>
        </test-method> <!-- configBC -->
        <test-method is-config="true" signature="configBM()[pri:0, instance:com.comcast.crm.contacttest.AddCartTest@3c46e67a]" started-at="2024-07-15T14:53:18 IST" name="configBM" finished-at="2024-07-15T14:53:21 IST" duration-ms="3373" status="PASS">
          <reporter-output>
          </reporter-output>
        </test-method> <!-- configBM -->
        <test-method signature="addProductCartTest()[pri:0, instance:com.comcast.crm.contacttest.AddCartTest@3c46e67a]" started-at="2024-07-15T14:53:21 IST" name="addProductCartTest" finished-at="2024-07-15T14:53:22 IST" duration-ms="1223" status="PASS">
          <reporter-output>
            <line>
              <![CDATA[try to add item to cart]]>
            </line>
            <line>
              <![CDATA[product added to cart successfully]]>
            </line>
          </reporter-output>
        </test-method> <!-- addProductCartTest -->
        <test-method is-config="true" signature="configAM()[pri:0, instance:com.comcast.crm.contacttest.AddCartTest@3c46e67a]" started-at="2024-07-15T14:53:22 IST" name="configAM" finished-at="2024-07-15T14:53:23 IST" duration-ms="269" status="PASS">
          <reporter-output>
          </reporter-output>
        </test-method> <!-- configAM -->
        <test-method is-config="true" signature="configAC()[pri:0, instance:com.comcast.crm.contacttest.AddCartTest@3c46e67a]" started-at="2024-07-15T14:53:23 IST" name="configAC" finished-at="2024-07-15T14:53:23 IST" duration-ms="280" status="PASS">
          <reporter-output>
          </reporter-output>
        </test-method> <!-- configAC -->
        <test-method is-config="true" signature="configAS()[pri:0, instance:com.comcast.crm.contacttest.AddCartTest@3c46e67a]" started-at="2024-07-15T14:53:48 IST" name="configAS" finished-at="2024-07-15T14:53:48 IST" duration-ms="0" status="PASS">
          <reporter-output>
          </reporter-output>
        </test-method> <!-- configAS -->
      </class> <!-- com.comcast.crm.contacttest.AddCartTest -->
      <class name="com.comcast.crm.contacttest.WishListTest">
        <test-method is-config="true" signature="configBC()[pri:0, instance:com.comcast.crm.contacttest.WishListTest@702657cc]" started-at="2024-07-15T14:53:41 IST" name="configBC" finished-at="2024-07-15T14:53:43 IST" duration-ms="1139" status="PASS">
          <reporter-output>
          </reporter-output>
        </test-method> <!-- configBC -->
        <test-method is-config="true" signature="configBM()[pri:0, instance:com.comcast.crm.contacttest.WishListTest@702657cc]" started-at="2024-07-15T14:53:43 IST" name="configBM" finished-at="2024-07-15T14:53:46 IST" duration-ms="3263" status="PASS">
          <reporter-output>
          </reporter-output>
        </test-method> <!-- configBM -->
        <test-method signature="WishListTest()[pri:0, instance:com.comcast.crm.contacttest.WishListTest@702657cc]" started-at="2024-07-15T14:53:46 IST" name="WishListTest" finished-at="2024-07-15T14:53:47 IST" duration-ms="1296" status="PASS">
          <reporter-output>
            <line>
              <![CDATA[product added to wishlist]]>
            </line>
          </reporter-output>
        </test-method> <!-- WishListTest -->
        <test-method is-config="true" signature="configAM()[pri:0, instance:com.comcast.crm.contacttest.WishListTest@702657cc]" started-at="2024-07-15T14:53:47 IST" name="configAM" finished-at="2024-07-15T14:53:47 IST" duration-ms="389" status="PASS">
          <reporter-output>
          </reporter-output>
        </test-method> <!-- configAM -->
        <test-method is-config="true" signature="configAC()[pri:0, instance:com.comcast.crm.contacttest.WishListTest@702657cc]" started-at="2024-07-15T14:53:47 IST" name="configAC" finished-at="2024-07-15T14:53:48 IST" duration-ms="255" status="PASS">
          <reporter-output>
          </reporter-output>
        </test-method> <!-- configAC -->
      </class> <!-- com.comcast.crm.contacttest.WishListTest -->
      <class name="com.comcast.crm.contacttest.CheckOut">
        <test-method is-config="true" signature="configBC()[pri:0, instance:com.comcast.crm.contacttest.CheckOut@38425407]" started-at="2024-07-15T14:53:28 IST" name="configBC" finished-at="2024-07-15T14:53:29 IST" duration-ms="1231" status="PASS">
          <reporter-output>
          </reporter-output>
        </test-method> <!-- configBC -->
        <test-method is-config="true" signature="configBM()[pri:0, instance:com.comcast.crm.contacttest.CheckOut@38425407]" started-at="2024-07-15T14:53:29 IST" name="configBM" finished-at="2024-07-15T14:53:32 IST" duration-ms="2720" status="PASS">
          <reporter-output>
          </reporter-output>
        </test-method> <!-- configBM -->
        <test-method signature="checkout1()[pri:0, instance:com.comcast.crm.contacttest.CheckOut@38425407]" started-at="2024-07-15T14:53:32 IST" name="checkout1" finished-at="2024-07-15T14:53:35 IST" duration-ms="3104" status="PASS">
          <reporter-output>
            <line>
              <![CDATA[clicked toys link]]>
            </line>
            <line>
              <![CDATA[toy added to cart]]>
            </line>
            <line>
              <![CDATA[ordered item is trackable]]>
            </line>
          </reporter-output>
        </test-method> <!-- checkout1 -->
        <test-method is-config="true" signature="configAM()[pri:0, instance:com.comcast.crm.contacttest.CheckOut@38425407]" started-at="2024-07-15T14:53:35 IST" name="configAM" finished-at="2024-07-15T14:53:35 IST" duration-ms="325" status="PASS">
          <reporter-output>
          </reporter-output>
        </test-method> <!-- configAM -->
        <test-method is-config="true" signature="configAC()[pri:0, instance:com.comcast.crm.contacttest.CheckOut@38425407]" started-at="2024-07-15T14:53:35 IST" name="configAC" finished-at="2024-07-15T14:53:36 IST" duration-ms="313" status="PASS">
          <reporter-output>
          </reporter-output>
        </test-method> <!-- configAC -->
      </class> <!-- com.comcast.crm.contacttest.CheckOut -->
      <class name="com.comcast.crm.contacttest.SignUpTest">
        <test-method is-config="true" signature="configBS()[pri:0, instance:com.comcast.crm.contacttest.SignUpTest@54d9d12d]" started-at="2024-07-15T14:53:15 IST" name="configBS" finished-at="2024-07-15T14:53:15 IST" duration-ms="2" status="PASS">
          <reporter-output>
          </reporter-output>
        </test-method> <!-- configBS -->
        <test-method is-config="true" signature="configBC()[pri:0, instance:com.comcast.crm.contacttest.SignUpTest@54d9d12d]" started-at="2024-07-15T14:53:23 IST" name="configBC" finished-at="2024-07-15T14:53:24 IST" duration-ms="1193" status="PASS">
          <reporter-output>
          </reporter-output>
        </test-method> <!-- configBC -->
        <test-method is-config="true" signature="configBM()[pri:0, instance:com.comcast.crm.contacttest.SignUpTest@54d9d12d]" started-at="2024-07-15T14:53:24 IST" name="configBM" finished-at="2024-07-15T14:53:27 IST" duration-ms="2448" status="PASS">
          <reporter-output>
          </reporter-output>
        </test-method> <!-- configBM -->
        <test-method signature="signup()[pri:0, instance:com.comcast.crm.contacttest.SignUpTest@54d9d12d]" started-at="2024-07-15T14:53:27 IST" name="signup" finished-at="2024-07-15T14:53:28 IST" duration-ms="1412" status="PASS">
          <reporter-output>
            <line>
              <![CDATA[user is created for login]]>
            </line>
          </reporter-output>
        </test-method> <!-- signup -->
        <test-method is-config="true" signature="configAC()[pri:0, instance:com.comcast.crm.contacttest.SignUpTest@54d9d12d]" started-at="2024-07-15T14:53:28 IST" name="configAC" finished-at="2024-07-15T14:53:28 IST" duration-ms="0" status="PASS">
          <reporter-output>
          </reporter-output>
        </test-method> <!-- configAC -->
        <test-method is-config="true" signature="configAS()[pri:0, instance:com.comcast.crm.contacttest.SignUpTest@54d9d12d]" started-at="2024-07-15T14:53:48 IST" name="configAS" finished-at="2024-07-15T14:53:48 IST" duration-ms="0" status="PASS">
          <reporter-output>
          </reporter-output>
        </test-method> <!-- configAS -->
      </class> <!-- com.comcast.crm.contacttest.SignUpTest -->
      <class name="com.comcast.crm.contacttest.RemoveProductAddCart">
        <test-method is-config="true" signature="configBC()[pri:0, instance:com.comcast.crm.contacttest.RemoveProductAddCart@43bc63a3]" started-at="2024-07-15T14:53:36 IST" name="configBC" finished-at="2024-07-15T14:53:37 IST" duration-ms="1355" status="PASS">
          <reporter-output>
          </reporter-output>
        </test-method> <!-- configBC -->
        <test-method is-config="true" signature="configBM()[pri:0, instance:com.comcast.crm.contacttest.RemoveProductAddCart@43bc63a3]" started-at="2024-07-15T14:53:37 IST" name="configBM" finished-at="2024-07-15T14:53:39 IST" duration-ms="2299" status="PASS">
          <reporter-output>
          </reporter-output>
        </test-method> <!-- configBM -->
        <test-method signature="RemoveProductCartTest()[pri:0, instance:com.comcast.crm.contacttest.RemoveProductAddCart@43bc63a3]" started-at="2024-07-15T14:53:39 IST" name="RemoveProductCartTest" finished-at="2024-07-15T14:53:41 IST" duration-ms="1648" status="PASS">
          <reporter-output>
            <line>
              <![CDATA[clicked furniture link]]>
            </line>
            <line>
              <![CDATA[product added to cart]]>
            </line>
            <line>
              <![CDATA[product removed to cart]]>
            </line>
          </reporter-output>
        </test-method> <!-- RemoveProductCartTest -->
        <test-method is-config="true" signature="configAM()[pri:0, instance:com.comcast.crm.contacttest.RemoveProductAddCart@43bc63a3]" started-at="2024-07-15T14:53:41 IST" name="configAM" finished-at="2024-07-15T14:53:41 IST" duration-ms="141" status="PASS">
          <reporter-output>
          </reporter-output>
        </test-method> <!-- configAM -->
        <test-method is-config="true" signature="configAC()[pri:0, instance:com.comcast.crm.contacttest.RemoveProductAddCart@43bc63a3]" started-at="2024-07-15T14:53:41 IST" name="configAC" finished-at="2024-07-15T14:53:41 IST" duration-ms="208" status="PASS">
          <reporter-output>
          </reporter-output>
        </test-method> <!-- configAC -->
      </class> <!-- com.comcast.crm.contacttest.RemoveProductAddCart -->
    </test> <!-- Test -->
  </suite> <!-- Suite -->
</testng-results>
