<?xml version="1.0" encoding="UTF-8"?>
<!-- Generated by org.testng.reporters.JUnitXMLReporter -->
<testsuite ignored="6" hostname="DESKTOP-10OOLCR" failures="0" tests="5" name="Test" time="32.517" errors="0" timestamp="2024-07-15T14:53:48 IST">
  <testcase classname="com.comcast.crm.contacttest.AddCartTest" name="addProductCartTest" time="1.223"/>
  <testcase classname="com.comcast.crm.contacttest.SignUpTest" name="signup" time="1.412"/>
  <testcase classname="com.comcast.crm.contacttest.CheckOut" name="checkout1" time="3.104"/>
  <testcase classname="com.comcast.crm.contacttest.RemoveProductAddCart" name="RemoveProductCartTest" time="1.648"/>
  <testcase classname="com.comcast.crm.contacttest.WishListTest" name="WishListTest" time="1.296"/>
  <testcase classname="com.comcast.crm.generic.basetest.BaseClass" name="@BeforeSuite configBS" time="0.0">
    <ignored/>
  </testcase> <!-- @BeforeSuite configBS -->
  <testcase classname="com.comcast.crm.generic.basetest.BaseClass" name="@BeforeSuite configBS" time="0.0">
    <ignored/>
  </testcase> <!-- @BeforeSuite configBS -->
  <testcase classname="com.comcast.crm.generic.basetest.BaseClass" name="@BeforeSuite configBS" time="0.0">
    <ignored/>
  </testcase> <!-- @BeforeSuite configBS -->
  <testcase classname="com.comcast.crm.generic.basetest.BaseClass" name="@AfterSuite configAS" time="0.0">
    <ignored/>
  </testcase> <!-- @AfterSuite configAS -->
  <testcase classname="com.comcast.crm.generic.basetest.BaseClass" name="@AfterSuite configAS" time="0.0">
    <ignored/>
  </testcase> <!-- @AfterSuite configAS -->
  <testcase classname="com.comcast.crm.generic.basetest.BaseClass" name="@AfterSuite configAS" time="0.0">
    <ignored/>
  </testcase> <!-- @AfterSuite configAS -->
</testsuite> <!-- Test -->
